-------------------------------------------------------------------------------
Test set: TestService
-------------------------------------------------------------------------------
Tests run: 1, Failures: 0, Errors: 1, Skipped: 0, Time elapsed: 13.471 s <<< FAILURE! - in TestService
testMapper(TestService)  Time elapsed: 1.34 s  <<< ERROR!
org.apache.ibatis.binding.BindingException: Invalid bound statement (not found): com.griftt.biz.mapper.ActivityMapper.selectList
	at TestService.testMapper(TestService.java:21)

