<?xml version="1.0" encoding="UTF-8"?>
<testsuite xmlns:xsi="http://www.w3.org/2001/XMLSchema-instance" xsi:noNamespaceSchemaLocation="https://maven.apache.org/surefire/maven-surefire-plugin/xsd/surefire-test-report.xsd" name="TestService" time="13.471" tests="1" errors="1" skipped="0" failures="0">
  <properties>
[...]
</properties>
  <testcase name="testMapper" classname="TestService" time="1.34">
    <error message="Invalid bound statement (not found): com.griftt.biz.mapper.ActivityMapper.selectList" type="org.apache.ibatis.binding.BindingException">org.apache.ibatis.binding.BindingException: Invalid bound statement (not found): com.griftt.biz.mapper.ActivityMapper.selectList
	at TestService.testMapper(TestService.java:21)
</error>
    <system-out><![CDATA[22:32:43.844 [main] DEBUG org.springframework.test.context.junit4.SpringJUnit4ClassRunner - SpringJUnit4ClassRunner constructor called with [class TestService]
22:32:43.864 [main] DEBUG org.springframework.test.context.BootstrapUtils - Instantiating CacheAwareContextLoaderDelegate from class [org.springframework.test.context.cache.DefaultCacheAwareContextLoaderDelegate]
22:32:43.897 [main] DEBUG org.springframework.test.context.BootstrapUtils - Instantiating BootstrapContext using constructor [public org.springframework.test.context.support.DefaultBootstrapContext(java.lang.Class,org.springframework.test.context.CacheAwareContextLoaderDelegate)]
22:32:43.972 [main] DEBUG org.springframework.test.context.BootstrapUtils - Instantiating TestContextBootstrapper for test class [TestService] from class [org.springframework.boot.test.context.SpringBootTestContextBootstrapper]
22:32:44.024 [main] INFO org.springframework.boot.test.context.SpringBootTestContextBootstrapper - Neither @ContextConfiguration nor @ContextHierarchy found for test class [TestService], using SpringBootContextLoader
22:32:44.039 [main] DEBUG org.springframework.test.context.support.AbstractContextLoader - Did not detect default resource location for test class [TestService]: class path resource [TestService-context.xml] does not exist
22:32:44.042 [main] DEBUG org.springframework.test.context.support.AbstractContextLoader - Did not detect default resource location for test class [TestService]: class path resource [TestServiceContext.groovy] does not exist
22:32:44.042 [main] INFO org.springframework.test.context.support.AbstractContextLoader - Could not detect default resource locations for test class [TestService]: no resource found for suffixes {-context.xml, Context.groovy}.
22:32:44.209 [main] DEBUG org.springframework.test.context.support.ActiveProfilesUtils - Could not find an 'annotation declaring class' for annotation type [org.springframework.test.context.ActiveProfiles] and class [TestService]
22:32:44.612 [main] DEBUG org.springframework.boot.test.context.SpringBootTestContextBootstrapper - @TestExecutionListeners is not present for class [TestService]: using defaults.
22:32:44.614 [main] INFO org.springframework.boot.test.context.SpringBootTestContextBootstrapper - Loaded default TestExecutionListener class names from location [META-INF/spring.factories]: [org.springframework.boot.test.mock.mockito.MockitoTestExecutionListener, org.springframework.boot.test.mock.mockito.ResetMocksTestExecutionListener, org.springframework.boot.test.autoconfigure.restdocs.RestDocsTestExecutionListener, org.springframework.boot.test.autoconfigure.web.client.MockRestServiceServerResetTestExecutionListener, org.springframework.boot.test.autoconfigure.web.servlet.MockMvcPrintOnlyOnFailureTestExecutionListener, org.springframework.boot.test.autoconfigure.web.servlet.WebDriverTestExecutionListener, org.springframework.test.context.web.ServletTestExecutionListener, org.springframework.test.context.support.DirtiesContextBeforeModesTestExecutionListener, org.springframework.test.context.support.DependencyInjectionTestExecutionListener, org.springframework.test.context.support.DirtiesContextTestExecutionListener, org.springframework.test.context.transaction.TransactionalTestExecutionListener, org.springframework.test.context.jdbc.SqlScriptsTestExecutionListener]
22:32:44.677 [main] INFO org.springframework.boot.test.context.SpringBootTestContextBootstrapper - Using TestExecutionListeners: [org.springframework.test.context.web.ServletTestExecutionListener@a3d150, org.springframework.test.context.support.DirtiesContextBeforeModesTestExecutionListener@4fb17b, org.springframework.boot.test.mock.mockito.MockitoTestExecutionListener@6648b0, org.springframework.boot.test.autoconfigure.SpringBootDependencyInjectionTestExecutionListener@11de4c7, org.springframework.test.context.support.DirtiesContextTestExecutionListener@19e9125, org.springframework.test.context.transaction.TransactionalTestExecutionListener@8d2484, org.springframework.test.context.jdbc.SqlScriptsTestExecutionListener@c0cdad, org.springframework.boot.test.mock.mockito.ResetMocksTestExecutionListener@7b252e, org.springframework.boot.test.autoconfigure.restdocs.RestDocsTestExecutionListener@15d943d, org.springframework.boot.test.autoconfigure.web.client.MockRestServiceServerResetTestExecutionListener@8f2016, org.springframework.boot.test.autoconfigure.web.servlet.MockMvcPrintOnlyOnFailureTestExecutionListener@583ecf, org.springframework.boot.test.autoconfigure.web.servlet.WebDriverTestExecutionListener@12f203f]
22:32:44.682 [main] DEBUG org.springframework.test.annotation.ProfileValueUtils - Retrieved @ProfileValueSourceConfiguration [null] for test class [TestService]
22:32:44.682 [main] DEBUG org.springframework.test.annotation.ProfileValueUtils - Retrieved ProfileValueSource type [class org.springframework.test.annotation.SystemProfileValueSource] for class [TestService]
22:32:44.687 [main] DEBUG org.springframework.test.annotation.ProfileValueUtils - Retrieved @ProfileValueSourceConfiguration [null] for test class [TestService]
22:32:44.687 [main] DEBUG org.springframework.test.annotation.ProfileValueUtils - Retrieved ProfileValueSource type [class org.springframework.test.annotation.SystemProfileValueSource] for class [TestService]
22:32:44.689 [main] DEBUG org.springframework.test.annotation.ProfileValueUtils - Retrieved @ProfileValueSourceConfiguration [null] for test class [TestService]
22:32:44.689 [main] DEBUG org.springframework.test.annotation.ProfileValueUtils - Retrieved ProfileValueSource type [class org.springframework.test.annotation.SystemProfileValueSource] for class [TestService]
22:32:44.702 [main] DEBUG org.springframework.test.context.support.AbstractDirtiesContextTestExecutionListener - Before test class: context [DefaultTestContext@e82ae testClass = TestService, testInstance = [null], testMethod = [null], testException = [null], mergedContextConfiguration = [WebMergedContextConfiguration@171beb3 testClass = TestService, locations = '{}', classes = '{class com.griftt.lifemix.CreateforworkApplication, class com.griftt.lifemix.CreateforworkApplication}', contextInitializerClasses = '[]', activeProfiles = '{}', propertySourceLocations = '{}', propertySourceProperties = '{org.springframework.boot.test.context.SpringBootTestContextBootstrapper=true}', contextCustomizers = set[org.springframework.boot.test.context.filter.ExcludeFilterContextCustomizer@39f68d, org.springframework.boot.test.json.DuplicateJsonObjectContextCustomizerFactory$DuplicateJsonObjectContextCustomizer@1695df3, org.springframework.boot.test.mock.mockito.MockitoContextCustomizer@0, org.springframework.boot.test.web.client.TestRestTemplateContextCustomizer@c7b4de, org.springframework.boot.test.autoconfigure.properties.PropertyMappingContextCustomizer@0, org.springframework.boot.test.autoconfigure.web.servlet.WebDriverContextCustomizerFactory$Customizer@b59d31], resourceBasePath = 'src/main/webapp', contextLoader = 'org.springframework.boot.test.context.SpringBootContextLoader', parent = [null]], attributes = map['org.springframework.test.context.web.ServletTestExecutionListener.activateListener' -> true]], class annotated with @DirtiesContext [false] with mode [null].
22:32:44.702 [main] DEBUG org.springframework.test.annotation.ProfileValueUtils - Retrieved @ProfileValueSourceConfiguration [null] for test class [TestService]
22:32:44.702 [main] DEBUG org.springframework.test.annotation.ProfileValueUtils - Retrieved ProfileValueSource type [class org.springframework.test.annotation.SystemProfileValueSource] for class [TestService]
22:32:44.787 [main] DEBUG org.springframework.test.context.support.TestPropertySourceUtils - Adding inlined properties to environment: {spring.jmx.enabled=false, org.springframework.boot.test.context.SpringBootTestContextBootstrapper=true, server.port=-1}

  .   ____          _            __ _ _
 /\\ / ___'_ __ _ _(_)_ __  __ _ \ \ \ \
( ( )\___ | '_ | '_| | '_ \/ _` | \ \ \ \
 \\/  ___)| |_)| | | | | || (_| |  ) ) ) )
  '  |____| .__|_| |_|_| |_\__, | / / / /
 =========|_|==============|___/=/_/_/_/
 :: Spring Boot ::        (v2.1.5.RELEASE)

2019-05-19 22:32:46.632  INFO 1916 --- [           main] TestService                              : Starting TestService on PC with PID 1916 (started by fhfdfg in F:\create_work\work-admin)
2019-05-19 22:32:46.635  INFO 1916 --- [           main] TestService                              : The following profiles are active: dev
2019-05-19 22:32:49.362  INFO 1916 --- [           main] trationDelegate$BeanPostProcessorChecker : Bean 'duridConfigProperties' of type [com.griftt.lifemix.core.properties.DuridConfigProperties$$EnhancerBySpringCGLIB$$90ecd208] is not eligible for getting processed by all BeanPostProcessors (for example: not eligible for auto-proxying)
2019-05-19 22:32:49.362  INFO 1916 --- [           main] trationDelegate$BeanPostProcessorChecker : Bean 'dataSourceConfig' of type [com.griftt.lifemix.core.config.DataSourceConfig$$EnhancerBySpringCGLIB$$26d29175] is not eligible for getting processed by all BeanPostProcessors (for example: not eligible for auto-proxying)
2019-05-19 22:32:50.120  INFO 1916 --- [           main] c.g.l.core.config.DataSourceConfig       : 数据源信息加载
2019-05-19 22:32:50.180  INFO 1916 --- [           main] c.g.l.core.config.DataSourceConfig       : druid配置信息：DruidCommonProperties(type=null, initialSize=5, minIdle=5, maxActive=20, maxWait=60000, timeBetweenEvictionRunsMillis=60000, minEvictableIdleTimeMillis=300000, testWhileIdle=true, testOnBorrow=false, testOnReturn=false, filters=stat,wall,log4j, logSlowSql=true)
2019-05-19 22:32:50.682  INFO 1916 --- [           main] c.g.l.core.config.DataSourceConfig       : SqlSessionFactoryBean 信息加载 
2019-05-19 22:32:50.682  INFO 1916 --- [           main] c.g.l.core.config.DataSourceConfig       : ds 信息加载 :{
	CreateTime:"2019-05-19 22:32:50",
	ActiveCount:0,
	PoolingCount:0,
	CreateCount:0,
	DestroyCount:0,
	CloseCount:0,
	ConnectCount:0,
	Connections:[
	]
}
Logging initialized using 'class org.apache.ibatis.logging.stdout.StdOutImpl' adapter.
2019-05-19 22:32:55.417  INFO 1916 --- [           main] TestService                              : Started TestService in 10.595 seconds (JVM running for 13.655)
]]></system-out>
  </testcase>
</testsuite>